24/03/21 18:37:53 - =========================================================
24/03/21 18:37:55 - =========================================================
24/03/21 18:37:55 - Form: fClienteServidor
24/03/21 18:37:55 - Caption: Cliente - Servidor
24/03/21 18:37:55 - ClassName: EAccessViolation
24/03/21 18:37:55 - Erro: Access violation at address 0040B844 in module 'Foo.exe'. Read of address E3E22509
24/03/21 18:38:16 - =========================================================
24/03/21 18:38:18 - =========================================================
24/03/21 18:38:18 - Form: fClienteServidor
24/03/21 18:38:18 - Caption: Cliente - Servidor
24/03/21 18:38:18 - ClassName: EAccessViolation
24/03/21 18:38:18 - Erro: Access violation at address 0040B844 in module 'Foo.exe'. Read of address E3E22509
24/03/21 18:46:12 - =========================================================
24/03/21 18:46:14 - =========================================================
24/03/21 18:46:14 - Form: fClienteServidor
24/03/21 18:46:14 - Caption: Cliente - Servidor
24/03/21 18:46:14 - ClassName: EAccessViolation
24/03/21 18:46:14 - Erro: Access violation at address 0040B844 in module 'Foo.exe'. Read of address E3E22509
24/03/21 22:54:08 - =========================================================
24/03/21 22:54:08 - =========================================================
24/03/21 22:54:08 - =========================================================
24/03/21 22:54:08 - =========================================================
24/03/21 22:54:14 - =========================================================
24/03/21 22:54:14 - =========================================================
24/03/21 22:54:14 - =========================================================
25/03/21 01:41:34 - =========================================================
25/03/21 01:41:35 - =========================================================
25/03/21 01:41:41 - =========================================================
25/03/21 01:41:43 - =========================================================
25/03/21 01:41:44 - =========================================================
25/03/21 01:41:46 - =========================================================
25/03/21 01:41:47 - =========================================================
25/03/21 01:41:48 - =========================================================
25/03/21 11:03:46 - =========================================================
25/03/21 11:12:08 - =========================================================
25/03/21 11:12:08 - Form: fClienteServidor
25/03/21 11:12:08 - Caption: Cliente - Servidor
25/03/21 11:12:08 - ClassName: EDBClient
25/03/21 11:12:08 - Erro: Insufficient memory for this operation.
25/03/21 12:26:50 - =========================================================
25/03/21 16:01:15 - =========================================================
25/03/21 16:01:17 - =========================================================
25/03/21 16:01:17 - Form: fClienteServidor
25/03/21 16:01:17 - Caption: Cliente - Servidor
25/03/21 16:01:17 - ClassName: EAccessViolation
25/03/21 16:01:17 - Erro: Access violation at address 0040B870 in module 'Foo.exe'. Read of address E3E22509
25/03/21 16:37:55 - =========================================================
25/03/21 16:37:55 - Form: fClienteServidor
25/03/21 16:37:55 - Caption: Cliente - Servidor
25/03/21 16:37:55 - ClassName: EDBClient
25/03/21 16:37:55 - Erro: Insufficient memory for this operation.
25/03/21 19:54:44 - =========================================================
25/03/21 19:54:44 - Form: fClienteServidor
25/03/21 19:54:44 - Caption: Cliente - Servidor
25/03/21 19:54:44 - ClassName: EDatabaseError
25/03/21 19:54:44 - Erro: Cannot perform this operation on a closed dataset
25/03/21 21:07:40 - =========================================================
25/03/21 21:07:40 - Form: fClienteServidor
25/03/21 21:07:40 - Caption: Cliente - Servidor
25/03/21 21:07:40 - ClassName: EDatabaseError
25/03/21 21:07:40 - Erro: Cannot perform this operation on a closed dataset
26/03/21 12:44:02 - =========================================================
26/03/21 12:44:02 - Form: fClienteServidor
26/03/21 12:44:02 - Caption: Cliente - Servidor
26/03/21 12:44:02 - ClassName: EDatabaseError
26/03/21 12:44:02 - Erro: Cannot perform this operation on a closed dataset
26/05/21 22:16:03 - =========================================================
26/05/21 22:16:03 - Form: fClienteServidor
26/05/21 22:16:03 - Caption: Cliente - Servidor
26/05/21 22:16:03 - ClassName: EDatabaseError
26/05/21 22:16:03 - Erro: Cannot perform this operation on a closed dataset
